<?xml version="1.0" encoding="UTF-8"?>
<testsuite xmlns:xsi="http://www.w3.org/2001/XMLSchema-instance" xsi:noNamespaceSchemaLocation="https://maven.apache.org/surefire/maven-surefire-plugin/xsd/surefire-test-report-3.0.xsd" version="3.0" name="ir.ramtung.tinyme.domain.MinimumQuantityTest" time="0.953" tests="10" errors="0" skipped="0" failures="0">
  <properties>
    <property name="java.specification.version" value="17"/>
    <property name="sun.jnu.encoding" value="UTF-8"/>
    <property name="java.class.path" value="/home/nakhoshi/SE/ca5/SE1-CA5-master-1/SE1-CA5-master/target/test-classes:/home/nakhoshi/SE/ca5/SE1-CA5-master-1/SE1-CA5-master/target/classes:/home/nakhoshi/.m2/repository/org/springframework/boot/spring-boot-starter-artemis/3.2.0/spring-boot-starter-artemis-3.2.0.jar:/home/nakhoshi/.m2/repository/org/springframework/boot/spring-boot-starter/3.2.0/spring-boot-starter-3.2.0.jar:/home/nakhoshi/.m2/repository/org/springframework/boot/spring-boot/3.2.0/spring-boot-3.2.0.jar:/home/nakhoshi/.m2/repository/org/springframework/spring-context/6.1.1/spring-context-6.1.1.jar:/home/nakhoshi/.m2/repository/org/springframework/spring-aop/6.1.1/spring-aop-6.1.1.jar:/home/nakhoshi/.m2/repository/org/springframework/spring-expression/6.1.1/spring-expression-6.1.1.jar:/home/nakhoshi/.m2/repository/org/springframework/boot/spring-boot-autoconfigure/3.2.0/spring-boot-autoconfigure-3.2.0.jar:/home/nakhoshi/.m2/repository/org/springframework/boot/spring-boot-starter-logging/3.2.0/spring-boot-starter-logging-3.2.0.jar:/home/nakhoshi/.m2/repository/ch/qos/logback/logback-classic/1.4.11/logback-classic-1.4.11.jar:/home/nakhoshi/.m2/repository/ch/qos/logback/logback-core/1.4.11/logback-core-1.4.11.jar:/home/nakhoshi/.m2/repository/org/apache/logging/log4j/log4j-to-slf4j/2.21.1/log4j-to-slf4j-2.21.1.jar:/home/nakhoshi/.m2/repository/org/apache/logging/log4j/log4j-api/2.21.1/log4j-api-2.21.1.jar:/home/nakhoshi/.m2/repository/org/slf4j/jul-to-slf4j/2.0.9/jul-to-slf4j-2.0.9.jar:/home/nakhoshi/.m2/repository/jakarta/annotation/jakarta.annotation-api/2.1.1/jakarta.annotation-api-2.1.1.jar:/home/nakhoshi/.m2/repository/org/yaml/snakeyaml/2.2/snakeyaml-2.2.jar:/home/nakhoshi/.m2/repository/org/springframework/spring-jms/6.1.1/spring-jms-6.1.1.jar:/home/nakhoshi/.m2/repository/org/springframework/spring-beans/6.1.1/spring-beans-6.1.1.jar:/home/nakhoshi/.m2/repository/org/springframework/spring-messaging/6.1.1/spring-messaging-6.1.1.jar:/home/nakhoshi/.m2/repository/org/springframework/spring-tx/6.1.1/spring-tx-6.1.1.jar:/home/nakhoshi/.m2/repository/io/micrometer/micrometer-observation/1.12.0/micrometer-observation-1.12.0.jar:/home/nakhoshi/.m2/repository/io/micrometer/micrometer-commons/1.12.0/micrometer-commons-1.12.0.jar:/home/nakhoshi/.m2/repository/org/apache/activemq/artemis-jakarta-client/2.31.2/artemis-jakarta-client-2.31.2.jar:/home/nakhoshi/.m2/repository/org/slf4j/slf4j-api/2.0.9/slf4j-api-2.0.9.jar:/home/nakhoshi/.m2/repository/org/apache/activemq/artemis-core-client/2.31.2/artemis-core-client-2.31.2.jar:/home/nakhoshi/.m2/repository/org/jgroups/jgroups/5.3.0.Final/jgroups-5.3.0.Final.jar:/home/nakhoshi/.m2/repository/io/netty/netty-transport-native-epoll/4.1.101.Final/netty-transport-native-epoll-4.1.101.Final-linux-x86_64.jar:/home/nakhoshi/.m2/repository/io/netty/netty-transport-native-unix-common/4.1.101.Final/netty-transport-native-unix-common-4.1.101.Final.jar:/home/nakhoshi/.m2/repository/io/netty/netty-transport-classes-epoll/4.1.101.Final/netty-transport-classes-epoll-4.1.101.Final.jar:/home/nakhoshi/.m2/repository/io/netty/netty-transport-native-kqueue/4.1.101.Final/netty-transport-native-kqueue-4.1.101.Final-osx-x86_64.jar:/home/nakhoshi/.m2/repository/io/netty/netty-transport-classes-kqueue/4.1.101.Final/netty-transport-classes-kqueue-4.1.101.Final.jar:/home/nakhoshi/.m2/repository/io/netty/netty-codec-http/4.1.101.Final/netty-codec-http-4.1.101.Final.jar:/home/nakhoshi/.m2/repository/io/netty/netty-buffer/4.1.101.Final/netty-buffer-4.1.101.Final.jar:/home/nakhoshi/.m2/repository/io/netty/netty-transport/4.1.101.Final/netty-transport-4.1.101.Final.jar:/home/nakhoshi/.m2/repository/io/netty/netty-handler/4.1.101.Final/netty-handler-4.1.101.Final.jar:/home/nakhoshi/.m2/repository/io/netty/netty-handler-proxy/4.1.101.Final/netty-handler-proxy-4.1.101.Final.jar:/home/nakhoshi/.m2/repository/io/netty/netty-codec/4.1.101.Final/netty-codec-4.1.101.Final.jar:/home/nakhoshi/.m2/repository/io/netty/netty-codec-socks/4.1.101.Final/netty-codec-socks-4.1.101.Final.jar:/home/nakhoshi/.m2/repository/io/netty/netty-common/4.1.101.Final/netty-common-4.1.101.Final.jar:/home/nakhoshi/.m2/repository/io/netty/netty-resolver/4.1.101.Final/netty-resolver-4.1.101.Final.jar:/home/nakhoshi/.m2/repository/org/apache/activemq/artemis-commons/2.31.2/artemis-commons-2.31.2.jar:/home/nakhoshi/.m2/repository/org/apache/activemq/artemis-selector/2.31.2/artemis-selector-2.31.2.jar:/home/nakhoshi/.m2/repository/jakarta/jms/jakarta.jms-api/3.1.0/jakarta.jms-api-3.1.0.jar:/home/nakhoshi/.m2/repository/org/springframework/boot/spring-boot-starter-json/3.2.0/spring-boot-starter-json-3.2.0.jar:/home/nakhoshi/.m2/repository/org/springframework/spring-web/6.1.1/spring-web-6.1.1.jar:/home/nakhoshi/.m2/repository/com/fasterxml/jackson/core/jackson-databind/2.15.3/jackson-databind-2.15.3.jar:/home/nakhoshi/.m2/repository/com/fasterxml/jackson/core/jackson-annotations/2.15.3/jackson-annotations-2.15.3.jar:/home/nakhoshi/.m2/repository/com/fasterxml/jackson/core/jackson-core/2.15.3/jackson-core-2.15.3.jar:/home/nakhoshi/.m2/repository/com/fasterxml/jackson/datatype/jackson-datatype-jdk8/2.15.3/jackson-datatype-jdk8-2.15.3.jar:/home/nakhoshi/.m2/repository/com/fasterxml/jackson/datatype/jackson-datatype-jsr310/2.15.3/jackson-datatype-jsr310-2.15.3.jar:/home/nakhoshi/.m2/repository/com/fasterxml/jackson/module/jackson-module-parameter-names/2.15.3/jackson-module-parameter-names-2.15.3.jar:/home/nakhoshi/.m2/repository/org/springframework/boot/spring-boot-starter-test/3.2.0/spring-boot-starter-test-3.2.0.jar:/home/nakhoshi/.m2/repository/org/springframework/boot/spring-boot-test/3.2.0/spring-boot-test-3.2.0.jar:/home/nakhoshi/.m2/repository/org/springframework/boot/spring-boot-test-autoconfigure/3.2.0/spring-boot-test-autoconfigure-3.2.0.jar:/home/nakhoshi/.m2/repository/com/jayway/jsonpath/json-path/2.8.0/json-path-2.8.0.jar:/home/nakhoshi/.m2/repository/jakarta/xml/bind/jakarta.xml.bind-api/4.0.1/jakarta.xml.bind-api-4.0.1.jar:/home/nakhoshi/.m2/repository/jakarta/activation/jakarta.activation-api/2.1.2/jakarta.activation-api-2.1.2.jar:/home/nakhoshi/.m2/repository/net/minidev/json-smart/2.5.0/json-smart-2.5.0.jar:/home/nakhoshi/.m2/repository/net/minidev/accessors-smart/2.5.0/accessors-smart-2.5.0.jar:/home/nakhoshi/.m2/repository/org/ow2/asm/asm/9.3/asm-9.3.jar:/home/nakhoshi/.m2/repository/org/assertj/assertj-core/3.24.2/assertj-core-3.24.2.jar:/home/nakhoshi/.m2/repository/net/bytebuddy/byte-buddy/1.14.10/byte-buddy-1.14.10.jar:/home/nakhoshi/.m2/repository/org/awaitility/awaitility/4.2.0/awaitility-4.2.0.jar:/home/nakhoshi/.m2/repository/org/hamcrest/hamcrest/2.2/hamcrest-2.2.jar:/home/nakhoshi/.m2/repository/org/junit/jupiter/junit-jupiter/5.10.1/junit-jupiter-5.10.1.jar:/home/nakhoshi/.m2/repository/org/junit/jupiter/junit-jupiter-api/5.10.1/junit-jupiter-api-5.10.1.jar:/home/nakhoshi/.m2/repository/org/opentest4j/opentest4j/1.3.0/opentest4j-1.3.0.jar:/home/nakhoshi/.m2/repository/org/junit/platform/junit-platform-commons/1.10.1/junit-platform-commons-1.10.1.jar:/home/nakhoshi/.m2/repository/org/apiguardian/apiguardian-api/1.1.2/apiguardian-api-1.1.2.jar:/home/nakhoshi/.m2/repository/org/junit/jupiter/junit-jupiter-params/5.10.1/junit-jupiter-params-5.10.1.jar:/home/nakhoshi/.m2/repository/org/junit/jupiter/junit-jupiter-engine/5.10.1/junit-jupiter-engine-5.10.1.jar:/home/nakhoshi/.m2/repository/org/junit/platform/junit-platform-engine/1.10.1/junit-platform-engine-1.10.1.jar:/home/nakhoshi/.m2/repository/org/mockito/mockito-core/5.7.0/mockito-core-5.7.0.jar:/home/nakhoshi/.m2/repository/net/bytebuddy/byte-buddy-agent/1.14.10/byte-buddy-agent-1.14.10.jar:/home/nakhoshi/.m2/repository/org/objenesis/objenesis/3.3/objenesis-3.3.jar:/home/nakhoshi/.m2/repository/org/mockito/mockito-junit-jupiter/5.7.0/mockito-junit-jupiter-5.7.0.jar:/home/nakhoshi/.m2/repository/org/skyscreamer/jsonassert/1.5.1/jsonassert-1.5.1.jar:/home/nakhoshi/.m2/repository/com/vaadin/external/google/android-json/0.0.20131108.vaadin1/android-json-0.0.20131108.vaadin1.jar:/home/nakhoshi/.m2/repository/org/springframework/spring-core/6.1.1/spring-core-6.1.1.jar:/home/nakhoshi/.m2/repository/org/springframework/spring-jcl/6.1.1/spring-jcl-6.1.1.jar:/home/nakhoshi/.m2/repository/org/springframework/spring-test/6.1.1/spring-test-6.1.1.jar:/home/nakhoshi/.m2/repository/org/xmlunit/xmlunit-core/2.9.1/xmlunit-core-2.9.1.jar:/home/nakhoshi/.m2/repository/org/springframework/boot/spring-boot-configuration-processor/3.2.0/spring-boot-configuration-processor-3.2.0.jar:/home/nakhoshi/.m2/repository/org/projectlombok/lombok/1.18.28/lombok-1.18.28.jar:/home/nakhoshi/.m2/repository/com/opencsv/opencsv/5.8/opencsv-5.8.jar:/home/nakhoshi/.m2/repository/org/apache/commons/commons-lang3/3.13.0/commons-lang3-3.13.0.jar:/home/nakhoshi/.m2/repository/org/apache/commons/commons-text/1.10.0/commons-text-1.10.0.jar:/home/nakhoshi/.m2/repository/commons-beanutils/commons-beanutils/1.9.4/commons-beanutils-1.9.4.jar:/home/nakhoshi/.m2/repository/commons-logging/commons-logging/1.2/commons-logging-1.2.jar:/home/nakhoshi/.m2/repository/commons-collections/commons-collections/3.2.2/commons-collections-3.2.2.jar:/home/nakhoshi/.m2/repository/org/apache/commons/commons-collections4/4.4/commons-collections4-4.4.jar:"/>
    <property name="java.vm.vendor" value="Amazon.com Inc."/>
    <property name="sun.arch.data.model" value="64"/>
    <property name="java.vendor.url" value="https://aws.amazon.com/corretto/"/>
    <property name="user.timezone" value="Asia/Tehran"/>
    <property name="os.name" value="Linux"/>
    <property name="java.vm.specification.version" value="17"/>
    <property name="sun.java.launcher" value="SUN_STANDARD"/>
    <property name="user.country" value="US"/>
    <property name="sun.boot.library.path" value="/home/nakhoshi/.jdks/corretto-17.0.10/lib"/>
    <property name="sun.java.command" value="/home/nakhoshi/SE/ca5/SE1-CA5-master-1/SE1-CA5-master/target/surefire/surefirebooter-20240427120934414_3.jar /home/nakhoshi/SE/ca5/SE1-CA5-master-1/SE1-CA5-master/target/surefire 2024-04-27T12-09-34_276-jvmRun1 surefire-20240427120934414_1tmp surefire_0-20240427120934414_2tmp"/>
    <property name="jdk.debug" value="release"/>
    <property name="surefire.test.class.path" value="/home/nakhoshi/SE/ca5/SE1-CA5-master-1/SE1-CA5-master/target/test-classes:/home/nakhoshi/SE/ca5/SE1-CA5-master-1/SE1-CA5-master/target/classes:/home/nakhoshi/.m2/repository/org/springframework/boot/spring-boot-starter-artemis/3.2.0/spring-boot-starter-artemis-3.2.0.jar:/home/nakhoshi/.m2/repository/org/springframework/boot/spring-boot-starter/3.2.0/spring-boot-starter-3.2.0.jar:/home/nakhoshi/.m2/repository/org/springframework/boot/spring-boot/3.2.0/spring-boot-3.2.0.jar:/home/nakhoshi/.m2/repository/org/springframework/spring-context/6.1.1/spring-context-6.1.1.jar:/home/nakhoshi/.m2/repository/org/springframework/spring-aop/6.1.1/spring-aop-6.1.1.jar:/home/nakhoshi/.m2/repository/org/springframework/spring-expression/6.1.1/spring-expression-6.1.1.jar:/home/nakhoshi/.m2/repository/org/springframework/boot/spring-boot-autoconfigure/3.2.0/spring-boot-autoconfigure-3.2.0.jar:/home/nakhoshi/.m2/repository/org/springframework/boot/spring-boot-starter-logging/3.2.0/spring-boot-starter-logging-3.2.0.jar:/home/nakhoshi/.m2/repository/ch/qos/logback/logback-classic/1.4.11/logback-classic-1.4.11.jar:/home/nakhoshi/.m2/repository/ch/qos/logback/logback-core/1.4.11/logback-core-1.4.11.jar:/home/nakhoshi/.m2/repository/org/apache/logging/log4j/log4j-to-slf4j/2.21.1/log4j-to-slf4j-2.21.1.jar:/home/nakhoshi/.m2/repository/org/apache/logging/log4j/log4j-api/2.21.1/log4j-api-2.21.1.jar:/home/nakhoshi/.m2/repository/org/slf4j/jul-to-slf4j/2.0.9/jul-to-slf4j-2.0.9.jar:/home/nakhoshi/.m2/repository/jakarta/annotation/jakarta.annotation-api/2.1.1/jakarta.annotation-api-2.1.1.jar:/home/nakhoshi/.m2/repository/org/yaml/snakeyaml/2.2/snakeyaml-2.2.jar:/home/nakhoshi/.m2/repository/org/springframework/spring-jms/6.1.1/spring-jms-6.1.1.jar:/home/nakhoshi/.m2/repository/org/springframework/spring-beans/6.1.1/spring-beans-6.1.1.jar:/home/nakhoshi/.m2/repository/org/springframework/spring-messaging/6.1.1/spring-messaging-6.1.1.jar:/home/nakhoshi/.m2/repository/org/springframework/spring-tx/6.1.1/spring-tx-6.1.1.jar:/home/nakhoshi/.m2/repository/io/micrometer/micrometer-observation/1.12.0/micrometer-observation-1.12.0.jar:/home/nakhoshi/.m2/repository/io/micrometer/micrometer-commons/1.12.0/micrometer-commons-1.12.0.jar:/home/nakhoshi/.m2/repository/org/apache/activemq/artemis-jakarta-client/2.31.2/artemis-jakarta-client-2.31.2.jar:/home/nakhoshi/.m2/repository/org/slf4j/slf4j-api/2.0.9/slf4j-api-2.0.9.jar:/home/nakhoshi/.m2/repository/org/apache/activemq/artemis-core-client/2.31.2/artemis-core-client-2.31.2.jar:/home/nakhoshi/.m2/repository/org/jgroups/jgroups/5.3.0.Final/jgroups-5.3.0.Final.jar:/home/nakhoshi/.m2/repository/io/netty/netty-transport-native-epoll/4.1.101.Final/netty-transport-native-epoll-4.1.101.Final-linux-x86_64.jar:/home/nakhoshi/.m2/repository/io/netty/netty-transport-native-unix-common/4.1.101.Final/netty-transport-native-unix-common-4.1.101.Final.jar:/home/nakhoshi/.m2/repository/io/netty/netty-transport-classes-epoll/4.1.101.Final/netty-transport-classes-epoll-4.1.101.Final.jar:/home/nakhoshi/.m2/repository/io/netty/netty-transport-native-kqueue/4.1.101.Final/netty-transport-native-kqueue-4.1.101.Final-osx-x86_64.jar:/home/nakhoshi/.m2/repository/io/netty/netty-transport-classes-kqueue/4.1.101.Final/netty-transport-classes-kqueue-4.1.101.Final.jar:/home/nakhoshi/.m2/repository/io/netty/netty-codec-http/4.1.101.Final/netty-codec-http-4.1.101.Final.jar:/home/nakhoshi/.m2/repository/io/netty/netty-buffer/4.1.101.Final/netty-buffer-4.1.101.Final.jar:/home/nakhoshi/.m2/repository/io/netty/netty-transport/4.1.101.Final/netty-transport-4.1.101.Final.jar:/home/nakhoshi/.m2/repository/io/netty/netty-handler/4.1.101.Final/netty-handler-4.1.101.Final.jar:/home/nakhoshi/.m2/repository/io/netty/netty-handler-proxy/4.1.101.Final/netty-handler-proxy-4.1.101.Final.jar:/home/nakhoshi/.m2/repository/io/netty/netty-codec/4.1.101.Final/netty-codec-4.1.101.Final.jar:/home/nakhoshi/.m2/repository/io/netty/netty-codec-socks/4.1.101.Final/netty-codec-socks-4.1.101.Final.jar:/home/nakhoshi/.m2/repository/io/netty/netty-common/4.1.101.Final/netty-common-4.1.101.Final.jar:/home/nakhoshi/.m2/repository/io/netty/netty-resolver/4.1.101.Final/netty-resolver-4.1.101.Final.jar:/home/nakhoshi/.m2/repository/org/apache/activemq/artemis-commons/2.31.2/artemis-commons-2.31.2.jar:/home/nakhoshi/.m2/repository/org/apache/activemq/artemis-selector/2.31.2/artemis-selector-2.31.2.jar:/home/nakhoshi/.m2/repository/jakarta/jms/jakarta.jms-api/3.1.0/jakarta.jms-api-3.1.0.jar:/home/nakhoshi/.m2/repository/org/springframework/boot/spring-boot-starter-json/3.2.0/spring-boot-starter-json-3.2.0.jar:/home/nakhoshi/.m2/repository/org/springframework/spring-web/6.1.1/spring-web-6.1.1.jar:/home/nakhoshi/.m2/repository/com/fasterxml/jackson/core/jackson-databind/2.15.3/jackson-databind-2.15.3.jar:/home/nakhoshi/.m2/repository/com/fasterxml/jackson/core/jackson-annotations/2.15.3/jackson-annotations-2.15.3.jar:/home/nakhoshi/.m2/repository/com/fasterxml/jackson/core/jackson-core/2.15.3/jackson-core-2.15.3.jar:/home/nakhoshi/.m2/repository/com/fasterxml/jackson/datatype/jackson-datatype-jdk8/2.15.3/jackson-datatype-jdk8-2.15.3.jar:/home/nakhoshi/.m2/repository/com/fasterxml/jackson/datatype/jackson-datatype-jsr310/2.15.3/jackson-datatype-jsr310-2.15.3.jar:/home/nakhoshi/.m2/repository/com/fasterxml/jackson/module/jackson-module-parameter-names/2.15.3/jackson-module-parameter-names-2.15.3.jar:/home/nakhoshi/.m2/repository/org/springframework/boot/spring-boot-starter-test/3.2.0/spring-boot-starter-test-3.2.0.jar:/home/nakhoshi/.m2/repository/org/springframework/boot/spring-boot-test/3.2.0/spring-boot-test-3.2.0.jar:/home/nakhoshi/.m2/repository/org/springframework/boot/spring-boot-test-autoconfigure/3.2.0/spring-boot-test-autoconfigure-3.2.0.jar:/home/nakhoshi/.m2/repository/com/jayway/jsonpath/json-path/2.8.0/json-path-2.8.0.jar:/home/nakhoshi/.m2/repository/jakarta/xml/bind/jakarta.xml.bind-api/4.0.1/jakarta.xml.bind-api-4.0.1.jar:/home/nakhoshi/.m2/repository/jakarta/activation/jakarta.activation-api/2.1.2/jakarta.activation-api-2.1.2.jar:/home/nakhoshi/.m2/repository/net/minidev/json-smart/2.5.0/json-smart-2.5.0.jar:/home/nakhoshi/.m2/repository/net/minidev/accessors-smart/2.5.0/accessors-smart-2.5.0.jar:/home/nakhoshi/.m2/repository/org/ow2/asm/asm/9.3/asm-9.3.jar:/home/nakhoshi/.m2/repository/org/assertj/assertj-core/3.24.2/assertj-core-3.24.2.jar:/home/nakhoshi/.m2/repository/net/bytebuddy/byte-buddy/1.14.10/byte-buddy-1.14.10.jar:/home/nakhoshi/.m2/repository/org/awaitility/awaitility/4.2.0/awaitility-4.2.0.jar:/home/nakhoshi/.m2/repository/org/hamcrest/hamcrest/2.2/hamcrest-2.2.jar:/home/nakhoshi/.m2/repository/org/junit/jupiter/junit-jupiter/5.10.1/junit-jupiter-5.10.1.jar:/home/nakhoshi/.m2/repository/org/junit/jupiter/junit-jupiter-api/5.10.1/junit-jupiter-api-5.10.1.jar:/home/nakhoshi/.m2/repository/org/opentest4j/opentest4j/1.3.0/opentest4j-1.3.0.jar:/home/nakhoshi/.m2/repository/org/junit/platform/junit-platform-commons/1.10.1/junit-platform-commons-1.10.1.jar:/home/nakhoshi/.m2/repository/org/apiguardian/apiguardian-api/1.1.2/apiguardian-api-1.1.2.jar:/home/nakhoshi/.m2/repository/org/junit/jupiter/junit-jupiter-params/5.10.1/junit-jupiter-params-5.10.1.jar:/home/nakhoshi/.m2/repository/org/junit/jupiter/junit-jupiter-engine/5.10.1/junit-jupiter-engine-5.10.1.jar:/home/nakhoshi/.m2/repository/org/junit/platform/junit-platform-engine/1.10.1/junit-platform-engine-1.10.1.jar:/home/nakhoshi/.m2/repository/org/mockito/mockito-core/5.7.0/mockito-core-5.7.0.jar:/home/nakhoshi/.m2/repository/net/bytebuddy/byte-buddy-agent/1.14.10/byte-buddy-agent-1.14.10.jar:/home/nakhoshi/.m2/repository/org/objenesis/objenesis/3.3/objenesis-3.3.jar:/home/nakhoshi/.m2/repository/org/mockito/mockito-junit-jupiter/5.7.0/mockito-junit-jupiter-5.7.0.jar:/home/nakhoshi/.m2/repository/org/skyscreamer/jsonassert/1.5.1/jsonassert-1.5.1.jar:/home/nakhoshi/.m2/repository/com/vaadin/external/google/android-json/0.0.20131108.vaadin1/android-json-0.0.20131108.vaadin1.jar:/home/nakhoshi/.m2/repository/org/springframework/spring-core/6.1.1/spring-core-6.1.1.jar:/home/nakhoshi/.m2/repository/org/springframework/spring-jcl/6.1.1/spring-jcl-6.1.1.jar:/home/nakhoshi/.m2/repository/org/springframework/spring-test/6.1.1/spring-test-6.1.1.jar:/home/nakhoshi/.m2/repository/org/xmlunit/xmlunit-core/2.9.1/xmlunit-core-2.9.1.jar:/home/nakhoshi/.m2/repository/org/springframework/boot/spring-boot-configuration-processor/3.2.0/spring-boot-configuration-processor-3.2.0.jar:/home/nakhoshi/.m2/repository/org/projectlombok/lombok/1.18.28/lombok-1.18.28.jar:/home/nakhoshi/.m2/repository/com/opencsv/opencsv/5.8/opencsv-5.8.jar:/home/nakhoshi/.m2/repository/org/apache/commons/commons-lang3/3.13.0/commons-lang3-3.13.0.jar:/home/nakhoshi/.m2/repository/org/apache/commons/commons-text/1.10.0/commons-text-1.10.0.jar:/home/nakhoshi/.m2/repository/commons-beanutils/commons-beanutils/1.9.4/commons-beanutils-1.9.4.jar:/home/nakhoshi/.m2/repository/commons-logging/commons-logging/1.2/commons-logging-1.2.jar:/home/nakhoshi/.m2/repository/commons-collections/commons-collections/3.2.2/commons-collections-3.2.2.jar:/home/nakhoshi/.m2/repository/org/apache/commons/commons-collections4/4.4/commons-collections4-4.4.jar:"/>
    <property name="sun.cpu.endian" value="little"/>
    <property name="user.home" value="/home/nakhoshi"/>
    <property name="user.language" value="en"/>
    <property name="java.specification.vendor" value="Oracle Corporation"/>
    <property name="java.version.date" value="2024-01-16"/>
    <property name="java.home" value="/home/nakhoshi/.jdks/corretto-17.0.10"/>
    <property name="file.separator" value="/"/>
    <property name="basedir" value="/home/nakhoshi/SE/ca5/SE1-CA5-master-1/SE1-CA5-master"/>
    <property name="java.vm.compressedOopsMode" value="32-bit"/>
    <property name="line.separator" value="&#10;"/>
    <property name="java.specification.name" value="Java Platform API Specification"/>
    <property name="java.vm.specification.vendor" value="Oracle Corporation"/>
    <property name="FILE_LOG_CHARSET" value="UTF-8"/>
    <property name="java.awt.headless" value="true"/>
    <property name="surefire.real.class.path" value="/home/nakhoshi/SE/ca5/SE1-CA5-master-1/SE1-CA5-master/target/surefire/surefirebooter-20240427120934414_3.jar"/>
    <property name="sun.management.compiler" value="HotSpot 64-Bit Tiered Compilers"/>
    <property name="java.runtime.version" value="17.0.10+8-LTS"/>
    <property name="user.name" value="nakhoshi"/>
    <property name="path.separator" value=":"/>
    <property name="os.version" value="6.5.0-14-generic"/>
    <property name="java.runtime.name" value="OpenJDK Runtime Environment"/>
    <property name="file.encoding" value="UTF-8"/>
    <property name="java.vm.name" value="OpenJDK 64-Bit Server VM"/>
    <property name="java.vendor.version" value="Corretto-17.0.10.8.1"/>
    <property name="localRepository" value="/home/nakhoshi/.m2/repository"/>
    <property name="java.vendor.url.bug" value="https://github.com/corretto/corretto-17/issues/"/>
    <property name="java.io.tmpdir" value="/tmp"/>
    <property name="idea.version" value="2023.3.4"/>
    <property name="java.version" value="17.0.10"/>
    <property name="user.dir" value="/home/nakhoshi/SE/ca5/SE1-CA5-master-1/SE1-CA5-master"/>
    <property name="os.arch" value="amd64"/>
    <property name="java.vm.specification.name" value="Java Virtual Machine Specification"/>
    <property name="PID" value="11005"/>
    <property name="CONSOLE_LOG_CHARSET" value="UTF-8"/>
    <property name="native.encoding" value="UTF-8"/>
    <property name="java.library.path" value="/usr/java/packages/lib:/usr/lib64:/lib64:/lib:/usr/lib"/>
    <property name="java.vm.info" value="mixed mode, sharing"/>
    <property name="java.vendor" value="Amazon.com Inc."/>
    <property name="java.vm.version" value="17.0.10+8-LTS"/>
    <property name="sun.io.unicode.encoding" value="UnicodeLittle"/>
    <property name="java.class.version" value="61.0"/>
  </properties>
  <testcase name="invalid_order_if_minimum_quantity_less_than_zero" classname="ir.ramtung.tinyme.domain.MinimumQuantityTest" time="0.049">
    <system-out><![CDATA[2024-04-27T12:09:41.506+03:30  INFO 11005 --- [           main] t.c.s.AnnotationConfigContextLoaderUtils : Could not detect default configuration classes for test class [ir.ramtung.tinyme.domain.MinimumQuantityTest]: MinimumQuantityTest does not declare any static, non-private, non-final, nested classes annotated with @Configuration.
2024-04-27T12:09:41.557+03:30  INFO 11005 --- [           main] .b.t.c.SpringBootTestContextBootstrapper : Found @SpringBootConfiguration ir.ramtung.tinyme.TinyMeApplication for test class ir.ramtung.tinyme.domain.MinimumQuantityTest

  .   ____          _            __ _ _
 /\\ / ___'_ __ _ _(_)_ __  __ _ \ \ \ \
( ( )\___ | '_ | '_| | '_ \/ _` | \ \ \ \
 \\/  ___)| |_)| | | | | || (_| |  ) ) ) )
  '  |____| .__|_| |_|_| |_\__, | / / / /
 =========|_|==============|___/=/_/_/_/
 :: Spring Boot ::                (v3.2.0)

2024-04-27T12:09:41.647+03:30  INFO 11005 --- [           main] i.r.tinyme.domain.MinimumQuantityTest    : Starting MinimumQuantityTest using Java 17.0.10 with PID 11005 (started by nakhoshi in /home/nakhoshi/SE/ca5/SE1-CA5-master-1/SE1-CA5-master)
2024-04-27T12:09:41.647+03:30  INFO 11005 --- [           main] i.r.tinyme.domain.MinimumQuantityTest    : The following 1 profile is active: "test"
2024-04-27T12:09:42.288+03:30  INFO 11005 --- [           main] i.r.tinyme.domain.MinimumQuantityTest    : Started MinimumQuantityTest in 0.722 seconds (process running for 7.783)
]]></system-out>
  </testcase>
  <testcase name="invalid_buy_order_if_minimum_quantity_more_than_quantity" classname="ir.ramtung.tinyme.domain.MinimumQuantityTest" time="0.007"/>
  <testcase name="update_request_does_not_check_the_minimum_quantity" classname="ir.ramtung.tinyme.domain.MinimumQuantityTest" time="0.01"/>
  <testcase name="invalid_iceberg_buy_order_if_minimum_quantity_more_than_buy_quantity" classname="ir.ramtung.tinyme.domain.MinimumQuantityTest" time="0.009"/>
  <testcase name="new_buy_order_matches_if_minimum_execution_quantity_is_riched" classname="ir.ramtung.tinyme.domain.MinimumQuantityTest" time="0.016"/>
  <testcase name="update_order_if_minimum_quantity_not_changed" classname="ir.ramtung.tinyme.domain.MinimumQuantityTest" time="0.006"/>
  <testcase name="invalid_update_order_if_minimum_quantity_has_changed" classname="ir.ramtung.tinyme.domain.MinimumQuantityTest" time="0.006"/>
  <testcase name="new_iceberg_buy_order_matches_with_the_first_buy_with_minimum_quantity_less_than_buy_quantity" classname="ir.ramtung.tinyme.domain.MinimumQuantityTest" time="0.007"/>
  <testcase name="invalid_update_order_if_minimum_quantity_more_than_quantity" classname="ir.ramtung.tinyme.domain.MinimumQuantityTest" time="0.007"/>
  <testcase name="reject_order_if_minimum_executed_quantity_not_meeted" classname="ir.ramtung.tinyme.domain.MinimumQuantityTest" time="0.006"/>
</testsuite>